[0.126s] DEBUG:colcon:Command line arguments: ['/usr/bin/colcon', 'build', '--symlink-install']
[0.126s] DEBUG:colcon:Parsed command line arguments: Namespace(allow_overriding=[], ament_cmake_args=None, base_paths=['.'], build_base='build', catkin_cmake_args=None, catkin_skip_building_tests=False, cmake_args=None, cmake_clean_cache=False, cmake_clean_first=False, cmake_force_configure=False, cmake_target=None, cmake_target_skip_unavailable=False, continue_on_error=False, event_handlers=None, executor='parallel', ignore_user_meta=False, install_base='install', log_base=None, log_level=None, main=<bound method BuildVerb.main of <colcon_core.verb.build.BuildVerb object at 0x7fb862e2d6a0>>, merge_install=False, metas=['./colcon.meta'], packages_above=None, packages_above_and_dependencies=None, packages_above_depth=None, packages_end=None, packages_ignore=None, packages_ignore_regex=None, packages_select=None, packages_select_build_failed=False, packages_select_by_dep=None, packages_select_regex=None, packages_select_test_failures=False, packages_skip=None, packages_skip_build_finished=False, packages_skip_by_dep=None, packages_skip_regex=None, packages_skip_test_passed=False, packages_skip_up_to=None, packages_start=None, packages_up_to=None, packages_up_to_regex=None, parallel_workers=12, paths=None, symlink_install=True, test_result_base=None, verb_extension=<colcon_core.verb.build.BuildVerb object at 0x7fb862e2d6a0>, verb_name='build', verb_parser=<colcon_defaults.argument_parser.defaults.DefaultArgumentsDecorator object at 0x7fb862e2dbe0>)
[0.227s] Level 1:colcon.colcon_core.package_discovery:discover_packages(colcon_meta) check parameters
[0.227s] Level 1:colcon.colcon_core.package_discovery:discover_packages(recursive) check parameters
[0.227s] Level 1:colcon.colcon_core.package_discovery:discover_packages(ignore) check parameters
[0.227s] Level 1:colcon.colcon_core.package_discovery:discover_packages(path) check parameters
[0.227s] Level 1:colcon.colcon_core.package_discovery:discover_packages(colcon_meta) discover
[0.227s] Level 1:colcon.colcon_core.package_discovery:discover_packages(recursive) discover
[0.227s] INFO:colcon.colcon_core.package_discovery:Crawling recursively for packages in '/home/takrop/ros2_ws'
[0.227s] Level 1:colcon.colcon_core.package_identification:_identify(.) by extensions ['ignore', 'ignore_ament_install']
[0.227s] Level 1:colcon.colcon_core.package_identification:_identify(.) by extension 'ignore'
[0.227s] Level 1:colcon.colcon_core.package_identification:_identify(.) by extension 'ignore_ament_install'
[0.227s] Level 1:colcon.colcon_core.package_identification:_identify(.) by extensions ['colcon_pkg']
[0.227s] Level 1:colcon.colcon_core.package_identification:_identify(.) by extension 'colcon_pkg'
[0.227s] Level 1:colcon.colcon_core.package_identification:_identify(.) by extensions ['colcon_meta']
[0.227s] Level 1:colcon.colcon_core.package_identification:_identify(.) by extension 'colcon_meta'
[0.227s] Level 1:colcon.colcon_core.package_identification:_identify(.) by extensions ['ros']
[0.227s] Level 1:colcon.colcon_core.package_identification:_identify(.) by extension 'ros'
[0.235s] Level 1:colcon.colcon_core.package_identification:_identify(.) by extensions ['cmake', 'python']
[0.235s] Level 1:colcon.colcon_core.package_identification:_identify(.) by extension 'cmake'
[0.235s] Level 1:colcon.colcon_core.package_identification:_identify(.) by extension 'python'
[0.235s] Level 1:colcon.colcon_core.package_identification:_identify(.) by extensions ['python_setup_py']
[0.235s] Level 1:colcon.colcon_core.package_identification:_identify(.) by extension 'python_setup_py'
[0.235s] Level 1:colcon.colcon_core.package_identification:_identify(build) by extensions ['ignore', 'ignore_ament_install']
[0.235s] Level 1:colcon.colcon_core.package_identification:_identify(build) by extension 'ignore'
[0.235s] Level 1:colcon.colcon_core.package_identification:_identify(build) ignored
[0.235s] Level 1:colcon.colcon_core.package_identification:_identify(install) by extensions ['ignore', 'ignore_ament_install']
[0.235s] Level 1:colcon.colcon_core.package_identification:_identify(install) by extension 'ignore'
[0.235s] Level 1:colcon.colcon_core.package_identification:_identify(install) ignored
[0.235s] Level 1:colcon.colcon_core.package_identification:_identify(log) by extensions ['ignore', 'ignore_ament_install']
[0.235s] Level 1:colcon.colcon_core.package_identification:_identify(log) by extension 'ignore'
[0.235s] Level 1:colcon.colcon_core.package_identification:_identify(log) ignored
[0.235s] Level 1:colcon.colcon_core.package_identification:_identify(src) by extensions ['ignore', 'ignore_ament_install']
[0.235s] Level 1:colcon.colcon_core.package_identification:_identify(src) by extension 'ignore'
[0.235s] Level 1:colcon.colcon_core.package_identification:_identify(src) by extension 'ignore_ament_install'
[0.235s] Level 1:colcon.colcon_core.package_identification:_identify(src) by extensions ['colcon_pkg']
[0.235s] Level 1:colcon.colcon_core.package_identification:_identify(src) by extension 'colcon_pkg'
[0.235s] Level 1:colcon.colcon_core.package_identification:_identify(src) by extensions ['colcon_meta']
[0.235s] Level 1:colcon.colcon_core.package_identification:_identify(src) by extension 'colcon_meta'
[0.235s] Level 1:colcon.colcon_core.package_identification:_identify(src) by extensions ['ros']
[0.236s] Level 1:colcon.colcon_core.package_identification:_identify(src) by extension 'ros'
[0.236s] Level 1:colcon.colcon_core.package_identification:_identify(src) by extensions ['cmake', 'python']
[0.236s] Level 1:colcon.colcon_core.package_identification:_identify(src) by extension 'cmake'
[0.236s] Level 1:colcon.colcon_core.package_identification:_identify(src) by extension 'python'
[0.236s] Level 1:colcon.colcon_core.package_identification:_identify(src) by extensions ['python_setup_py']
[0.236s] Level 1:colcon.colcon_core.package_identification:_identify(src) by extension 'python_setup_py'
[0.236s] Level 1:colcon.colcon_core.package_identification:_identify(src/laser_read) by extensions ['ignore', 'ignore_ament_install']
[0.236s] Level 1:colcon.colcon_core.package_identification:_identify(src/laser_read) by extension 'ignore'
[0.236s] Level 1:colcon.colcon_core.package_identification:_identify(src/laser_read) by extension 'ignore_ament_install'
[0.236s] Level 1:colcon.colcon_core.package_identification:_identify(src/laser_read) by extensions ['colcon_pkg']
[0.236s] Level 1:colcon.colcon_core.package_identification:_identify(src/laser_read) by extension 'colcon_pkg'
[0.236s] Level 1:colcon.colcon_core.package_identification:_identify(src/laser_read) by extensions ['colcon_meta']
[0.236s] Level 1:colcon.colcon_core.package_identification:_identify(src/laser_read) by extension 'colcon_meta'
[0.236s] Level 1:colcon.colcon_core.package_identification:_identify(src/laser_read) by extensions ['ros']
[0.236s] Level 1:colcon.colcon_core.package_identification:_identify(src/laser_read) by extension 'ros'
[0.238s] DEBUG:colcon.colcon_core.package_identification:Package 'src/laser_read' with type 'ros.ament_cmake' and name 'laser_read'
[0.238s] Level 1:colcon.colcon_core.package_discovery:discover_packages(recursive) using defaults
[0.238s] Level 1:colcon.colcon_core.package_discovery:discover_packages(ignore) discover
[0.238s] Level 1:colcon.colcon_core.package_discovery:discover_packages(ignore) using defaults
[0.238s] Level 1:colcon.colcon_core.package_discovery:discover_packages(path) discover
[0.238s] Level 1:colcon.colcon_core.package_discovery:discover_packages(path) using defaults
[0.249s] Level 1:colcon.colcon_core.package_discovery:discover_packages(prefix_path) check parameters
[0.249s] Level 1:colcon.colcon_core.package_discovery:discover_packages(prefix_path) discover
[0.250s] DEBUG:colcon.colcon_installed_package_information.package_discovery:Found 3 installed packages in /home/takrop/ros2_ws/install
[0.251s] DEBUG:colcon.colcon_installed_package_information.package_discovery:Found 257 installed packages in /opt/ros/foxy
[0.258s] Level 1:colcon.colcon_core.package_discovery:discover_packages(prefix_path) using defaults
[0.289s] Level 5:colcon.colcon_core.verb:set package 'laser_read' build argument 'cmake_args' from command line to 'None'
[0.289s] Level 5:colcon.colcon_core.verb:set package 'laser_read' build argument 'cmake_target' from command line to 'None'
[0.289s] Level 5:colcon.colcon_core.verb:set package 'laser_read' build argument 'cmake_target_skip_unavailable' from command line to 'False'
[0.289s] Level 5:colcon.colcon_core.verb:set package 'laser_read' build argument 'cmake_clean_cache' from command line to 'False'
[0.289s] Level 5:colcon.colcon_core.verb:set package 'laser_read' build argument 'cmake_clean_first' from command line to 'False'
[0.289s] Level 5:colcon.colcon_core.verb:set package 'laser_read' build argument 'cmake_force_configure' from command line to 'False'
[0.289s] Level 5:colcon.colcon_core.verb:set package 'laser_read' build argument 'ament_cmake_args' from command line to 'None'
[0.289s] Level 5:colcon.colcon_core.verb:set package 'laser_read' build argument 'catkin_cmake_args' from command line to 'None'
[0.289s] Level 5:colcon.colcon_core.verb:set package 'laser_read' build argument 'catkin_skip_building_tests' from command line to 'False'
[0.289s] DEBUG:colcon.colcon_core.verb:Building package 'laser_read' with the following arguments: {'ament_cmake_args': None, 'build_base': '/home/takrop/ros2_ws/build/laser_read', 'catkin_cmake_args': None, 'catkin_skip_building_tests': False, 'cmake_args': None, 'cmake_clean_cache': False, 'cmake_clean_first': False, 'cmake_force_configure': False, 'cmake_target': None, 'cmake_target_skip_unavailable': False, 'install_base': '/home/takrop/ros2_ws/install/laser_read', 'merge_install': False, 'path': '/home/takrop/ros2_ws/src/laser_read', 'symlink_install': True, 'test_result_base': None}
[0.289s] INFO:colcon.colcon_core.executor:Executing jobs using 'parallel' executor
[0.290s] DEBUG:colcon.colcon_parallel_executor.executor.parallel:run_until_complete
[0.290s] INFO:colcon.colcon_ros.task.ament_cmake.build:Building ROS package in '/home/takrop/ros2_ws/src/laser_read' with build type 'ament_cmake'
[0.290s] INFO:colcon.colcon_cmake.task.cmake.build:Building CMake package in '/home/takrop/ros2_ws/src/laser_read'
[0.292s] INFO:colcon.colcon_core.plugin_system:Skipping extension 'colcon_core.shell.bat': Not used on non-Windows systems
[0.292s] INFO:colcon.colcon_core.shell:Skip shell extension 'powershell' for command environment: Not usable outside of PowerShell
[0.292s] DEBUG:colcon.colcon_core.shell:Skip shell extension 'dsv' for command environment
[0.293s] DEBUG:colcon.colcon_core.shell:Ignoring prefix path '/home/takrop/catkin_ws/devel'
[0.293s] DEBUG:colcon.colcon_core.shell:Ignoring prefix path '/opt/ros/noetic'
[0.300s] DEBUG:colcon.colcon_core.event_handler.log_command:Invoking command in '/home/takrop/ros2_ws/build/laser_read': CMAKE_PREFIX_PATH=/home/takrop/ros2_ws/install/more_interfaces:/home/takrop/ros2_ws/install/laser_read:/opt/ros/foxy:/home/takrop/catkin_ws/devel:/opt/ros/noetic /usr/bin/cmake --build /home/takrop/ros2_ws/build/laser_read -- -j12 -l12
[4.501s] DEBUG:colcon.colcon_core.event_handler.log_command:Invoked command in '/home/takrop/ros2_ws/build/laser_read' returned '0': CMAKE_PREFIX_PATH=/home/takrop/ros2_ws/install/more_interfaces:/home/takrop/ros2_ws/install/laser_read:/opt/ros/foxy:/home/takrop/catkin_ws/devel:/opt/ros/noetic /usr/bin/cmake --build /home/takrop/ros2_ws/build/laser_read -- -j12 -l12
[4.539s] DEBUG:colcon.colcon_core.event_handler.log_command:Invoking command in '/home/takrop/ros2_ws/build/laser_read': CMAKE_PREFIX_PATH=/home/takrop/ros2_ws/install/more_interfaces:/home/takrop/ros2_ws/install/laser_read:/opt/ros/foxy:/home/takrop/catkin_ws/devel:/opt/ros/noetic /usr/bin/cmake --install /home/takrop/ros2_ws/build/laser_read
[4.554s] Level 1:colcon.colcon_core.environment:create_environment_scripts_only(laser_read)
[4.554s] DEBUG:colcon.colcon_core.event_handler.log_command:Invoked command in '/home/takrop/ros2_ws/build/laser_read' returned '0': CMAKE_PREFIX_PATH=/home/takrop/ros2_ws/install/more_interfaces:/home/takrop/ros2_ws/install/laser_read:/opt/ros/foxy:/home/takrop/catkin_ws/devel:/opt/ros/noetic /usr/bin/cmake --install /home/takrop/ros2_ws/build/laser_read
[4.556s] Level 1:colcon.colcon_core.environment:checking '/home/takrop/ros2_ws/install/laser_read' for CMake module files
[4.556s] Level 1:colcon.colcon_core.environment:checking '/home/takrop/ros2_ws/install/laser_read' for CMake config files
[4.556s] Level 1:colcon.colcon_core.shell:create_environment_hook('laser_read', 'cmake_prefix_path')
[4.557s] INFO:colcon.colcon_core.shell:Creating environment hook '/home/takrop/ros2_ws/install/laser_read/share/laser_read/hook/cmake_prefix_path.ps1'
[4.557s] INFO:colcon.colcon_core.shell:Creating environment descriptor '/home/takrop/ros2_ws/install/laser_read/share/laser_read/hook/cmake_prefix_path.dsv'
[4.557s] INFO:colcon.colcon_core.shell:Creating environment hook '/home/takrop/ros2_ws/install/laser_read/share/laser_read/hook/cmake_prefix_path.sh'
[4.558s] Level 1:colcon.colcon_core.environment:checking '/home/takrop/ros2_ws/install/laser_read/lib'
[4.558s] Level 1:colcon.colcon_core.environment:checking '/home/takrop/ros2_ws/install/laser_read/bin'
[4.558s] Level 1:colcon.colcon_core.environment:checking '/home/takrop/ros2_ws/install/laser_read/lib/pkgconfig/laser_read.pc'
[4.558s] Level 1:colcon.colcon_core.environment:checking '/home/takrop/ros2_ws/install/laser_read/lib/python3.8/site-packages'
[4.558s] Level 1:colcon.colcon_core.environment:checking '/home/takrop/ros2_ws/install/laser_read/bin'
[4.558s] INFO:colcon.colcon_core.shell:Creating package script '/home/takrop/ros2_ws/install/laser_read/share/laser_read/package.ps1'
[4.559s] INFO:colcon.colcon_core.shell:Creating package descriptor '/home/takrop/ros2_ws/install/laser_read/share/laser_read/package.dsv'
[4.559s] INFO:colcon.colcon_core.shell:Creating package script '/home/takrop/ros2_ws/install/laser_read/share/laser_read/package.sh'
[4.559s] INFO:colcon.colcon_core.shell:Creating package script '/home/takrop/ros2_ws/install/laser_read/share/laser_read/package.bash'
[4.560s] INFO:colcon.colcon_core.shell:Creating package script '/home/takrop/ros2_ws/install/laser_read/share/laser_read/package.zsh'
[4.560s] Level 1:colcon.colcon_core.environment:create_file_with_runtime_dependencies(/home/takrop/ros2_ws/install/laser_read/share/colcon-core/packages/laser_read)
[4.576s] Level 1:colcon.colcon_core.environment:create_environment_scripts_only(laser_read)
[4.576s] Level 1:colcon.colcon_core.environment:checking '/home/takrop/ros2_ws/install/laser_read' for CMake module files
[4.576s] Level 1:colcon.colcon_core.environment:checking '/home/takrop/ros2_ws/install/laser_read' for CMake config files
[4.576s] Level 1:colcon.colcon_core.shell:create_environment_hook('laser_read', 'cmake_prefix_path')
[4.577s] INFO:colcon.colcon_core.shell:Creating environment hook '/home/takrop/ros2_ws/install/laser_read/share/laser_read/hook/cmake_prefix_path.ps1'
[4.577s] INFO:colcon.colcon_core.shell:Creating environment descriptor '/home/takrop/ros2_ws/install/laser_read/share/laser_read/hook/cmake_prefix_path.dsv'
[4.577s] INFO:colcon.colcon_core.shell:Creating environment hook '/home/takrop/ros2_ws/install/laser_read/share/laser_read/hook/cmake_prefix_path.sh'
[4.577s] Level 1:colcon.colcon_core.environment:checking '/home/takrop/ros2_ws/install/laser_read/lib'
[4.577s] Level 1:colcon.colcon_core.environment:checking '/home/takrop/ros2_ws/install/laser_read/bin'
[4.578s] Level 1:colcon.colcon_core.environment:checking '/home/takrop/ros2_ws/install/laser_read/lib/pkgconfig/laser_read.pc'
[4.578s] Level 1:colcon.colcon_core.environment:checking '/home/takrop/ros2_ws/install/laser_read/lib/python3.8/site-packages'
[4.578s] Level 1:colcon.colcon_core.environment:checking '/home/takrop/ros2_ws/install/laser_read/bin'
[4.578s] INFO:colcon.colcon_core.shell:Creating package script '/home/takrop/ros2_ws/install/laser_read/share/laser_read/package.ps1'
[4.578s] INFO:colcon.colcon_core.shell:Creating package descriptor '/home/takrop/ros2_ws/install/laser_read/share/laser_read/package.dsv'
[4.578s] INFO:colcon.colcon_core.shell:Creating package script '/home/takrop/ros2_ws/install/laser_read/share/laser_read/package.sh'
[4.579s] INFO:colcon.colcon_core.shell:Creating package script '/home/takrop/ros2_ws/install/laser_read/share/laser_read/package.bash'
[4.579s] INFO:colcon.colcon_core.shell:Creating package script '/home/takrop/ros2_ws/install/laser_read/share/laser_read/package.zsh'
[4.579s] Level 1:colcon.colcon_core.environment:create_file_with_runtime_dependencies(/home/takrop/ros2_ws/install/laser_read/share/colcon-core/packages/laser_read)
[4.579s] DEBUG:colcon.colcon_parallel_executor.executor.parallel:closing loop
[4.580s] DEBUG:colcon.colcon_parallel_executor.executor.parallel:loop closed
[4.580s] DEBUG:colcon.colcon_parallel_executor.executor.parallel:run_until_complete finished with '0'
[4.580s] DEBUG:colcon.colcon_core.event_reactor:joining thread
[4.584s] INFO:colcon.colcon_core.plugin_system:Skipping extension 'colcon_notification.desktop_notification.terminal_notifier': Not used on non-Darwin systems
[4.584s] INFO:colcon.colcon_core.plugin_system:Skipping extension 'colcon_notification.desktop_notification.win32': Not used on non-Windows systems
[4.584s] INFO:colcon.colcon_notification.desktop_notification:Sending desktop notification using 'notify2'
[4.598s] DEBUG:colcon.colcon_core.event_reactor:joined thread
[4.598s] INFO:colcon.colcon_core.shell:Creating prefix script '/home/takrop/ros2_ws/install/local_setup.ps1'
[4.599s] INFO:colcon.colcon_core.shell:Creating prefix util module '/home/takrop/ros2_ws/install/_local_setup_util_ps1.py'
[4.600s] INFO:colcon.colcon_core.shell:Creating prefix chain script '/home/takrop/ros2_ws/install/setup.ps1'
[4.601s] INFO:colcon.colcon_core.shell:Creating prefix script '/home/takrop/ros2_ws/install/local_setup.sh'
[4.601s] INFO:colcon.colcon_core.shell:Creating prefix util module '/home/takrop/ros2_ws/install/_local_setup_util_sh.py'
[4.601s] INFO:colcon.colcon_core.shell:Creating prefix chain script '/home/takrop/ros2_ws/install/setup.sh'
[4.602s] INFO:colcon.colcon_core.shell:Creating prefix script '/home/takrop/ros2_ws/install/local_setup.bash'
[4.602s] INFO:colcon.colcon_core.shell:Creating prefix chain script '/home/takrop/ros2_ws/install/setup.bash'
[4.603s] INFO:colcon.colcon_core.shell:Creating prefix script '/home/takrop/ros2_ws/install/local_setup.zsh'
[4.603s] INFO:colcon.colcon_core.shell:Creating prefix chain script '/home/takrop/ros2_ws/install/setup.zsh'
