[0.008s] Invoking command in '/home/takrop/ros2_ws/build/laser_read': CMAKE_PREFIX_PATH=/opt/ros/foxy:${CMAKE_PREFIX_PATH} /usr/bin/cmake /home/takrop/ros2_ws/src/laser_read -DAMENT_CMAKE_SYMLINK_INSTALL=1 -DCMAKE_INSTALL_PREFIX=/home/takrop/ros2_ws/install/laser_read
[0.017s] -- Found ament_cmake: 0.9.12 (/opt/ros/foxy/share/ament_cmake/cmake)
[0.032s] -- Using PYTHON_EXECUTABLE: /usr/bin/python3
[0.147s] -- Override CMake install command with custom implementation using symlinks instead of copying resources
[0.152s] -- Found rclcpp: 2.4.3 (/opt/ros/foxy/share/rclcpp/cmake)
[0.174s] -- Using all available rosidl_typesupport_c: rosidl_typesupport_fastrtps_c;rosidl_typesupport_introspection_c
[0.176s] -- Found rosidl_adapter: 1.3.1 (/opt/ros/foxy/share/rosidl_adapter/cmake)
[0.255s] -- Using all available rosidl_typesupport_cpp: rosidl_typesupport_fastrtps_cpp;rosidl_typesupport_introspection_cpp
[0.287s] -- Found rmw_implementation_cmake: 1.0.4 (/opt/ros/foxy/share/rmw_implementation_cmake/cmake)
[0.288s] -- Using RMW implementation 'rmw_fastrtps_cpp' as default
[0.382s] -- Found sensor_msgs: 2.0.5 (/opt/ros/foxy/share/sensor_msgs/cmake)
[0.459s] -- Found ament_lint_auto: 0.9.8 (/opt/ros/foxy/share/ament_lint_auto/cmake)
[0.505s] -- Added test 'copyright' to check source files copyright and LICENSE
[0.506s] -- Added test 'cppcheck' to perform static code analysis on C / C++ code
[0.506s] -- Configured cppcheck include dirs: 
[0.506s] -- Configured cppcheck exclude dirs and/or files: 
[0.506s] -- Added test 'cpplint' to check C / C++ code against the Google style
[0.506s] -- Configured cpplint exclude dirs and/or files: 
[0.507s] -- Added test 'lint_cmake' to check CMake code style
[0.507s] -- Added test 'uncrustify' to check C / C++ code style
[0.507s] -- Configured uncrustify additional arguments: 
[0.507s] -- Added test 'xmllint' to check XML markup files
[0.509s] -- Configuring done
[0.514s] -- Generating done
[0.515s] -- Build files have been written to: /home/takrop/ros2_ws/build/laser_read
[0.520s] Invoked command in '/home/takrop/ros2_ws/build/laser_read' returned '0': CMAKE_PREFIX_PATH=/opt/ros/foxy:${CMAKE_PREFIX_PATH} /usr/bin/cmake /home/takrop/ros2_ws/src/laser_read -DAMENT_CMAKE_SYMLINK_INSTALL=1 -DCMAKE_INSTALL_PREFIX=/home/takrop/ros2_ws/install/laser_read
[0.523s] Invoking command in '/home/takrop/ros2_ws/build/laser_read': CMAKE_PREFIX_PATH=/opt/ros/foxy:${CMAKE_PREFIX_PATH} /usr/bin/cmake --build /home/takrop/ros2_ws/build/laser_read -- -j12 -l12
[0.551s] [35m[1mScanning dependencies of target lidar_subscriber[0m
[0.573s] [ 50%] [32mBuilding CXX object CMakeFiles/lidar_subscriber.dir/src/lidar_subscriber.cpp.o[0m
[3.504s] [100%] [32m[1mLinking CXX executable lidar_subscriber[0m
[3.650s] [100%] Built target lidar_subscriber
[3.662s] Invoked command in '/home/takrop/ros2_ws/build/laser_read' returned '0': CMAKE_PREFIX_PATH=/opt/ros/foxy:${CMAKE_PREFIX_PATH} /usr/bin/cmake --build /home/takrop/ros2_ws/build/laser_read -- -j12 -l12
[3.685s] Invoking command in '/home/takrop/ros2_ws/build/laser_read': CMAKE_PREFIX_PATH=/opt/ros/foxy:${CMAKE_PREFIX_PATH} /usr/bin/cmake --install /home/takrop/ros2_ws/build/laser_read
[3.690s] -- Install configuration: ""
[3.690s] -- Execute custom install script
[3.690s] -- Symlinking: /home/takrop/ros2_ws/install/laser_read/share/ament_index/resource_index/package_run_dependencies/laser_read
[3.696s] -- Symlinking: /home/takrop/ros2_ws/install/laser_read/share/ament_index/resource_index/parent_prefix_path/laser_read
[3.702s] -- Symlinking: /home/takrop/ros2_ws/install/laser_read/share/laser_read/environment/ament_prefix_path.sh
[3.708s] -- Symlinking: /home/takrop/ros2_ws/install/laser_read/share/laser_read/environment/ament_prefix_path.dsv
[3.715s] -- Symlinking: /home/takrop/ros2_ws/install/laser_read/share/laser_read/environment/path.sh
[3.722s] -- Symlinking: /home/takrop/ros2_ws/install/laser_read/share/laser_read/environment/path.dsv
[3.728s] -- Symlinking: /home/takrop/ros2_ws/install/laser_read/share/laser_read/local_setup.bash
[3.735s] -- Symlinking: /home/takrop/ros2_ws/install/laser_read/share/laser_read/local_setup.sh
[3.743s] -- Symlinking: /home/takrop/ros2_ws/install/laser_read/share/laser_read/local_setup.zsh
[3.751s] -- Symlinking: /home/takrop/ros2_ws/install/laser_read/share/laser_read/local_setup.dsv
[3.756s] -- Symlinking: /home/takrop/ros2_ws/install/laser_read/share/laser_read/package.dsv
[3.762s] -- Symlinking: /home/takrop/ros2_ws/install/laser_read/share/ament_index/resource_index/packages/laser_read
[3.769s] -- Symlinking: /home/takrop/ros2_ws/install/laser_read/share/laser_read/cmake/laser_readConfig.cmake
[3.779s] -- Symlinking: /home/takrop/ros2_ws/install/laser_read/share/laser_read/cmake/laser_readConfig-version.cmake
[3.789s] -- Symlinking: /home/takrop/ros2_ws/install/laser_read/share/laser_read/package.xml
[3.797s] Invoked command in '/home/takrop/ros2_ws/build/laser_read' returned '0': CMAKE_PREFIX_PATH=/opt/ros/foxy:${CMAKE_PREFIX_PATH} /usr/bin/cmake --install /home/takrop/ros2_ws/build/laser_read
