[0.013s] Invoking command in '/home/takrop/ros2_ws/build/more_interfaces': CMAKE_PREFIX_PATH=/home/takrop/ros2_ws/install/laser_read:/opt/ros/foxy:/home/takrop/catkin_ws/devel:/opt/ros/noetic /usr/bin/cmake /home/takrop/ros2_ws/src/more_interfaces -DAMENT_CMAKE_SYMLINK_INSTALL=1 -DCMAKE_INSTALL_PREFIX=/home/takrop/ros2_ws/install/more_interfaces
[0.049s] -- The C compiler identification is GNU 9.4.0
[0.084s] -- The CXX compiler identification is GNU 9.4.0
[0.087s] -- Check for working C compiler: /usr/bin/cc
[0.131s] -- Check for working C compiler: /usr/bin/cc -- works
[0.131s] -- Detecting C compiler ABI info
[0.175s] -- Detecting C compiler ABI info - done
[0.183s] -- Detecting C compile features
[0.184s] -- Detecting C compile features - done
[0.185s] -- Check for working CXX compiler: /usr/bin/c++
[0.243s] -- Check for working CXX compiler: /usr/bin/c++ -- works
[0.244s] -- Detecting CXX compiler ABI info
[0.307s] -- Detecting CXX compiler ABI info - done
[0.316s] -- Detecting CXX compile features
[0.316s] -- Detecting CXX compile features - done
[0.318s] -- Found ament_cmake: 0.9.12 (/opt/ros/foxy/share/ament_cmake/cmake)
[0.336s] -- Found PythonInterp: /usr/bin/python3 (found suitable version "3.8.10", minimum required is "3") 
[0.336s] -- Using PYTHON_EXECUTABLE: /usr/bin/python3
[0.452s] -- Override CMake install command with custom implementation using symlinks instead of copying resources
[0.466s] -- Found rosidl_default_generators: 1.0.1 (/opt/ros/foxy/share/rosidl_default_generators/cmake)
[0.469s] -- Using all available rosidl_typesupport_c: rosidl_typesupport_fastrtps_c;rosidl_typesupport_introspection_c
[0.472s] -- Found rosidl_adapter: 1.3.1 (/opt/ros/foxy/share/rosidl_adapter/cmake)
[0.541s] -- Found OpenSSL: /usr/lib/x86_64-linux-gnu/libcrypto.so (found version "1.1.1f")  
[0.561s] -- Found FastRTPS: /opt/ros/foxy/include  
[0.613s] -- Using all available rosidl_typesupport_cpp: rosidl_typesupport_fastrtps_cpp;rosidl_typesupport_introspection_cpp
[0.644s] -- Found PythonInterp: /usr/bin/python3 (found version "3.8.10") 
[0.720s] -- Found ament_cmake_ros: 0.9.2 (/opt/ros/foxy/share/ament_cmake_ros/cmake)
[0.785s] -- Using all available rosidl_typesupport_c: rosidl_typesupport_fastrtps_c;rosidl_typesupport_introspection_c
[0.789s] -- Using all available rosidl_typesupport_cpp: rosidl_typesupport_fastrtps_cpp;rosidl_typesupport_introspection_cpp
[0.805s] -- Found PythonInterp: /usr/bin/python3 (found suitable version "3.8.10", minimum required is "3.5") 
[0.806s] -- Found python_cmake_module: 0.8.1 (/opt/ros/foxy/share/python_cmake_module/cmake)
[0.839s] -- Found PythonLibs: /usr/lib/x86_64-linux-gnu/libpython3.8.so (found suitable version "3.8.10", minimum required is "3.5") 
[0.839s] -- Using PYTHON_EXECUTABLE: /usr/bin/python3
[0.839s] -- Using PYTHON_INCLUDE_DIRS: /usr/include/python3.8
[0.839s] -- Using PYTHON_LIBRARIES: /usr/lib/x86_64-linux-gnu/libpython3.8.so
[0.856s] -- Found PythonExtra: .so  
[0.884s] -- Found ament_lint_auto: 0.9.8 (/opt/ros/foxy/share/ament_lint_auto/cmake)
[0.896s] -- Added test 'copyright' to check source files copyright and LICENSE
[0.897s] -- Added test 'lint_cmake' to check CMake code style
[0.898s] -- Added test 'xmllint' to check XML markup files
[0.901s] -- Configuring done
[0.917s] -- Generating done
[0.918s] -- Build files have been written to: /home/takrop/ros2_ws/build/more_interfaces
[0.926s] Invoked command in '/home/takrop/ros2_ws/build/more_interfaces' returned '0': CMAKE_PREFIX_PATH=/home/takrop/ros2_ws/install/laser_read:/opt/ros/foxy:/home/takrop/catkin_ws/devel:/opt/ros/noetic /usr/bin/cmake /home/takrop/ros2_ws/src/more_interfaces -DAMENT_CMAKE_SYMLINK_INSTALL=1 -DCMAKE_INSTALL_PREFIX=/home/takrop/ros2_ws/install/more_interfaces
[0.927s] Invoking command in '/home/takrop/ros2_ws/build/more_interfaces': CMAKE_PREFIX_PATH=/home/takrop/ros2_ws/install/laser_read:/opt/ros/foxy:/home/takrop/catkin_ws/devel:/opt/ros/noetic /usr/bin/cmake --build /home/takrop/ros2_ws/build/more_interfaces -- -j12 -l12
[0.952s] [35m[1mScanning dependencies of target more_interfaces__cpp[0m
[0.952s] [  3%] [34m[1mGenerating C code for ROS interfaces[0m
[0.959s] [  6%] [34m[1mGenerating C++ code for ROS interfaces[0m
[1.098s] [35m[1mScanning dependencies of target more_interfaces__rosidl_generator_c[0m
[1.101s] [  6%] Built target more_interfaces__cpp
[1.105s] [  9%] [32mBuilding C object CMakeFiles/more_interfaces__rosidl_generator_c.dir/rosidl_generator_c/more_interfaces/msg/detail/number_pair__functions.c.o[0m
[1.107s] [ 16%] [34m[1mGenerating C++ type support dispatch for ROS interfaces[0m
[1.107s] [ 16%] [34m[1mGenerating C++ introspection for ROS interfaces[0m
[1.107s] [ 19%] [34m[1mGenerating C++ type support for eProsima Fast-RTPS[0m
[1.136s] [ 22%] [32m[1mLinking C shared library libmore_interfaces__rosidl_generator_c.so[0m
[1.159s] [ 22%] Built target more_interfaces__rosidl_generator_c
[1.169s] [ 29%] [34m[1mGenerating C introspection for ROS interfaces[0m
[1.169s] [ 29%] [34m[1mGenerating C type support dispatch for ROS interfaces[0m
[1.229s] [35m[1mScanning dependencies of target more_interfaces__rosidl_typesupport_cpp[0m
[1.237s] [35m[1mScanning dependencies of target more_interfaces__rosidl_typesupport_introspection_cpp[0m
[1.237s] [ 32%] [32mBuilding CXX object CMakeFiles/more_interfaces__rosidl_typesupport_cpp.dir/rosidl_typesupport_cpp/more_interfaces/msg/number_pair__type_support.cpp.o[0m
[1.242s] [35m[1mScanning dependencies of target more_interfaces__rosidl_typesupport_fastrtps_cpp[0m
[1.244s] [ 35%] [32mBuilding CXX object CMakeFiles/more_interfaces__rosidl_typesupport_introspection_cpp.dir/rosidl_typesupport_introspection_cpp/more_interfaces/msg/detail/number_pair__type_support.cpp.o[0m
[1.251s] [ 38%] [32mBuilding CXX object CMakeFiles/more_interfaces__rosidl_typesupport_fastrtps_cpp.dir/rosidl_typesupport_fastrtps_cpp/more_interfaces/msg/detail/dds_fastrtps/number_pair__type_support.cpp.o[0m
[1.292s] [35m[1mScanning dependencies of target more_interfaces__rosidl_typesupport_c[0m
[1.303s] [ 41%] [32mBuilding CXX object CMakeFiles/more_interfaces__rosidl_typesupport_c.dir/rosidl_typesupport_c/more_interfaces/msg/number_pair__type_support.cpp.o[0m
[1.332s] [ 45%] [32m[1mLinking CXX shared library libmore_interfaces__rosidl_typesupport_c.so[0m
[1.333s] [35m[1mScanning dependencies of target more_interfaces__rosidl_typesupport_introspection_c[0m
[1.340s] [ 48%] [32mBuilding C object CMakeFiles/more_interfaces__rosidl_typesupport_introspection_c.dir/rosidl_typesupport_introspection_c/more_interfaces/msg/detail/number_pair__type_support.c.o[0m
[1.360s] [ 51%] [32m[1mLinking C shared library libmore_interfaces__rosidl_typesupport_introspection_c.so[0m
[1.369s] [ 51%] Built target more_interfaces__rosidl_typesupport_c
[1.381s] [ 51%] Built target more_interfaces__rosidl_typesupport_introspection_c
[1.397s] [ 54%] [32m[1mLinking CXX shared library libmore_interfaces__rosidl_typesupport_cpp.so[0m
[1.400s] [ 58%] [32m[1mLinking CXX shared library libmore_interfaces__rosidl_typesupport_introspection_cpp.so[0m
[1.423s] [ 58%] Built target more_interfaces__rosidl_typesupport_cpp
[1.425s] [ 58%] Built target more_interfaces__rosidl_typesupport_introspection_cpp
[1.517s] [ 61%] [32m[1mLinking CXX shared library libmore_interfaces__rosidl_typesupport_fastrtps_cpp.so[0m
[1.574s] [ 61%] Built target more_interfaces__rosidl_typesupport_fastrtps_cpp
[1.581s] [ 64%] [34m[1mGenerating C type support for eProsima Fast-RTPS[0m
[1.707s] [35m[1mScanning dependencies of target more_interfaces__rosidl_typesupport_fastrtps_c[0m
[1.716s] [ 67%] [32mBuilding CXX object CMakeFiles/more_interfaces__rosidl_typesupport_fastrtps_c.dir/rosidl_typesupport_fastrtps_c/more_interfaces/msg/detail/number_pair__type_support_c.cpp.o[0m
[1.908s] [ 70%] [32m[1mLinking CXX shared library libmore_interfaces__rosidl_typesupport_fastrtps_c.so[0m
[1.965s] [ 70%] Built target more_interfaces__rosidl_typesupport_fastrtps_c
[1.972s] [35m[1mScanning dependencies of target more_interfaces[0m
[1.980s] [ 70%] Built target more_interfaces
[1.992s] [35m[1mScanning dependencies of target more_interfaces__py[0m
[2.003s] [ 74%] [34m[1mGenerating Python code for ROS interfaces[0m
[2.246s] [ 74%] Built target more_interfaces__py
[2.253s] [35m[1mScanning dependencies of target more_interfaces__python[0m
[2.275s] [ 77%] [32mBuilding C object CMakeFiles/more_interfaces__python.dir/rosidl_generator_py/more_interfaces/msg/_number_pair_s.c.o[0m
[2.327s] [ 80%] [32m[1mLinking C shared library rosidl_generator_py/more_interfaces/libmore_interfaces__python.so[0m
[2.353s] [ 80%] Built target more_interfaces__python
[2.360s] [35m[1mScanning dependencies of target more_interfaces__rosidl_typesupport_c__pyext[0m
[2.360s] [35m[1mScanning dependencies of target more_interfaces__rosidl_typesupport_fastrtps_c__pyext[0m
[2.360s] [35m[1mScanning dependencies of target more_interfaces__rosidl_typesupport_introspection_c__pyext[0m
[2.372s] [ 83%] [32mBuilding C object CMakeFiles/more_interfaces__rosidl_typesupport_introspection_c__pyext.dir/rosidl_generator_py/more_interfaces/_more_interfaces_s.ep.rosidl_typesupport_introspection_c.c.o[0m
[2.372s] [ 87%] [32mBuilding C object CMakeFiles/more_interfaces__rosidl_typesupport_c__pyext.dir/rosidl_generator_py/more_interfaces/_more_interfaces_s.ep.rosidl_typesupport_c.c.o[0m
[2.373s] [ 90%] [32mBuilding C object CMakeFiles/more_interfaces__rosidl_typesupport_fastrtps_c__pyext.dir/rosidl_generator_py/more_interfaces/_more_interfaces_s.ep.rosidl_typesupport_fastrtps_c.c.o[0m
[2.419s] [100%] [32m[1mLinking C shared library rosidl_generator_py/more_interfaces/more_interfaces_s__rosidl_typesupport_c.cpython-38-x86_64-linux-gnu.so[0m
[2.419s] [100%] [32m[1mLinking CXX shared library rosidl_generator_py/more_interfaces/more_interfaces_s__rosidl_typesupport_fastrtps_c.cpython-38-x86_64-linux-gnu.so[0m
[2.419s] [100%] [32m[1mLinking C shared library rosidl_generator_py/more_interfaces/more_interfaces_s__rosidl_typesupport_introspection_c.cpython-38-x86_64-linux-gnu.so[0m
[2.440s] [100%] Built target more_interfaces__rosidl_typesupport_introspection_c__pyext
[2.440s] [100%] Built target more_interfaces__rosidl_typesupport_c__pyext
[2.458s] [100%] Built target more_interfaces__rosidl_typesupport_fastrtps_c__pyext
[2.466s] Invoked command in '/home/takrop/ros2_ws/build/more_interfaces' returned '0': CMAKE_PREFIX_PATH=/home/takrop/ros2_ws/install/laser_read:/opt/ros/foxy:/home/takrop/catkin_ws/devel:/opt/ros/noetic /usr/bin/cmake --build /home/takrop/ros2_ws/build/more_interfaces -- -j12 -l12
[2.496s] Invoking command in '/home/takrop/ros2_ws/build/more_interfaces': CMAKE_PREFIX_PATH=/home/takrop/ros2_ws/install/laser_read:/opt/ros/foxy:/home/takrop/catkin_ws/devel:/opt/ros/noetic /usr/bin/cmake --install /home/takrop/ros2_ws/build/more_interfaces
[2.501s] -- Install configuration: ""
[2.502s] -- Execute custom install script
[2.502s] -- Symlinking: /home/takrop/ros2_ws/install/more_interfaces/share/ament_index/resource_index/rosidl_interfaces/more_interfaces
[2.509s] -- Symlinking: /home/takrop/ros2_ws/install/more_interfaces/include/more_interfaces/msg/detail/number_pair__functions.h
[2.514s] -- Symlinking: /home/takrop/ros2_ws/install/more_interfaces/include/more_interfaces/msg/detail/number_pair__struct.h
[2.520s] -- Symlinking: /home/takrop/ros2_ws/install/more_interfaces/include/more_interfaces/msg/detail/number_pair__type_support.h
[2.525s] -- Symlinking: /home/takrop/ros2_ws/install/more_interfaces/include/more_interfaces/msg/number_pair.h
[2.531s] -- Symlinking: /home/takrop/ros2_ws/install/more_interfaces/include/more_interfaces/msg/rosidl_generator_c__visibility_control.h
[2.536s] -- Symlinking: /home/takrop/ros2_ws/install/more_interfaces/share/more_interfaces/environment/library_path.sh
[2.542s] -- Symlinking: /home/takrop/ros2_ws/install/more_interfaces/share/more_interfaces/environment/library_path.dsv
[2.547s] -- Symlinking: /home/takrop/ros2_ws/install/more_interfaces/include/more_interfaces/msg/detail/number_pair__rosidl_typesupport_fastrtps_c.h
[2.553s] -- Symlinking: /home/takrop/ros2_ws/install/more_interfaces/include/more_interfaces/msg/rosidl_typesupport_fastrtps_c__visibility_control.h
[2.558s] -- Symlinking: /home/takrop/ros2_ws/install/more_interfaces/lib/libmore_interfaces__rosidl_typesupport_fastrtps_c.so
[2.564s] -- Symlinking: /home/takrop/ros2_ws/install/more_interfaces/include/more_interfaces/msg/detail/number_pair__rosidl_typesupport_fastrtps_cpp.hpp
[2.569s] -- Symlinking: /home/takrop/ros2_ws/install/more_interfaces/include/more_interfaces/msg/rosidl_typesupport_fastrtps_cpp__visibility_control.h
[2.575s] -- Symlinking: /home/takrop/ros2_ws/install/more_interfaces/lib/libmore_interfaces__rosidl_typesupport_fastrtps_cpp.so
[2.580s] -- Symlinking: /home/takrop/ros2_ws/install/more_interfaces/include/more_interfaces/msg/detail/number_pair__rosidl_typesupport_introspection_c.h
[2.586s] -- Symlinking: /home/takrop/ros2_ws/install/more_interfaces/include/more_interfaces/msg/rosidl_typesupport_introspection_c__visibility_control.h
[2.592s] -- Symlinking: /home/takrop/ros2_ws/install/more_interfaces/include/more_interfaces/msg/detail/number_pair__builder.hpp
[2.597s] -- Symlinking: /home/takrop/ros2_ws/install/more_interfaces/include/more_interfaces/msg/detail/number_pair__struct.hpp
[2.602s] -- Symlinking: /home/takrop/ros2_ws/install/more_interfaces/include/more_interfaces/msg/detail/number_pair__traits.hpp
[2.608s] -- Symlinking: /home/takrop/ros2_ws/install/more_interfaces/include/more_interfaces/msg/detail/number_pair__type_support.hpp
[2.613s] -- Symlinking: /home/takrop/ros2_ws/install/more_interfaces/include/more_interfaces/msg/number_pair.hpp
[2.618s] -- Symlinking: /home/takrop/ros2_ws/install/more_interfaces/include/more_interfaces/msg/rosidl_generator_cpp__visibility_control.hpp
[2.624s] -- Symlinking: /home/takrop/ros2_ws/install/more_interfaces/include/more_interfaces/msg/detail/number_pair__rosidl_typesupport_introspection_cpp.hpp
[2.629s] -- Symlinking: /home/takrop/ros2_ws/install/more_interfaces/share/more_interfaces/environment/pythonpath.sh
[2.635s] -- Symlinking: /home/takrop/ros2_ws/install/more_interfaces/share/more_interfaces/environment/pythonpath.dsv
[2.640s] -- Symlinking: /home/takrop/ros2_ws/install/more_interfaces/lib/python3.8/site-packages/more_interfaces/__init__.py
[2.646s] -- Symlinking: /home/takrop/ros2_ws/install/more_interfaces/lib/python3.8/site-packages/more_interfaces/msg/__init__.py
[2.652s] -- Symlinking: /home/takrop/ros2_ws/install/more_interfaces/lib/python3.8/site-packages/more_interfaces/msg/_number_pair.py
[2.658s] -- Symlinking: /home/takrop/ros2_ws/install/more_interfaces/lib/python3.8/site-packages/more_interfaces/more_interfaces_s__rosidl_typesupport_fastrtps_c.cpython-38-x86_64-linux-gnu.so
[2.663s] -- Symlinking: /home/takrop/ros2_ws/install/more_interfaces/lib/python3.8/site-packages/more_interfaces/more_interfaces_s__rosidl_typesupport_introspection_c.cpython-38-x86_64-linux-gnu.so
[2.669s] -- Symlinking: /home/takrop/ros2_ws/install/more_interfaces/lib/python3.8/site-packages/more_interfaces/more_interfaces_s__rosidl_typesupport_c.cpython-38-x86_64-linux-gnu.so
[2.674s] -- Symlinking: /home/takrop/ros2_ws/install/more_interfaces/lib/libmore_interfaces__python.so
[2.680s] -- Symlinking: /home/takrop/ros2_ws/install/more_interfaces/share/more_interfaces/msg/NumberPair.idl
[2.686s] -- Symlinking: /home/takrop/ros2_ws/install/more_interfaces/share/more_interfaces/msg/NumberPair.msg
[2.691s] -- Symlinking: /home/takrop/ros2_ws/install/more_interfaces/share/ament_index/resource_index/package_run_dependencies/more_interfaces
[2.697s] -- Symlinking: /home/takrop/ros2_ws/install/more_interfaces/share/ament_index/resource_index/parent_prefix_path/more_interfaces
[2.702s] -- Symlinking: /home/takrop/ros2_ws/install/more_interfaces/share/more_interfaces/environment/ament_prefix_path.sh
[2.708s] -- Symlinking: /home/takrop/ros2_ws/install/more_interfaces/share/more_interfaces/environment/ament_prefix_path.dsv
[2.713s] -- Symlinking: /home/takrop/ros2_ws/install/more_interfaces/share/more_interfaces/environment/path.sh
[2.719s] -- Symlinking: /home/takrop/ros2_ws/install/more_interfaces/share/more_interfaces/environment/path.dsv
[2.724s] -- Symlinking: /home/takrop/ros2_ws/install/more_interfaces/share/more_interfaces/local_setup.bash
[2.729s] -- Symlinking: /home/takrop/ros2_ws/install/more_interfaces/share/more_interfaces/local_setup.sh
[2.735s] -- Symlinking: /home/takrop/ros2_ws/install/more_interfaces/share/more_interfaces/local_setup.zsh
[2.740s] -- Symlinking: /home/takrop/ros2_ws/install/more_interfaces/share/more_interfaces/local_setup.dsv
[2.746s] -- Symlinking: /home/takrop/ros2_ws/install/more_interfaces/share/more_interfaces/package.dsv
[2.755s] -- Symlinking: /home/takrop/ros2_ws/install/more_interfaces/share/ament_index/resource_index/packages/more_interfaces
[2.762s] -- Symlinking: /home/takrop/ros2_ws/install/more_interfaces/share/more_interfaces/cmake/rosidl_cmake-extras.cmake
[2.769s] -- Symlinking: /home/takrop/ros2_ws/install/more_interfaces/share/more_interfaces/cmake/ament_cmake_export_dependencies-extras.cmake
[2.775s] -- Symlinking: /home/takrop/ros2_ws/install/more_interfaces/share/more_interfaces/cmake/ament_cmake_export_libraries-extras.cmake
[2.781s] -- Symlinking: /home/takrop/ros2_ws/install/more_interfaces/share/more_interfaces/cmake/ament_cmake_export_targets-extras.cmake
[2.787s] -- Symlinking: /home/takrop/ros2_ws/install/more_interfaces/share/more_interfaces/cmake/ament_cmake_export_include_directories-extras.cmake
[2.792s] -- Symlinking: /home/takrop/ros2_ws/install/more_interfaces/share/more_interfaces/cmake/rosidl_cmake_export_typesupport_libraries-extras.cmake
[2.798s] -- Symlinking: /home/takrop/ros2_ws/install/more_interfaces/share/more_interfaces/cmake/rosidl_cmake_export_typesupport_targets-extras.cmake
[2.805s] -- Symlinking: /home/takrop/ros2_ws/install/more_interfaces/share/more_interfaces/cmake/more_interfacesConfig.cmake
[2.811s] -- Symlinking: /home/takrop/ros2_ws/install/more_interfaces/share/more_interfaces/cmake/more_interfacesConfig-version.cmake
[2.816s] -- Symlinking: /home/takrop/ros2_ws/install/more_interfaces/share/more_interfaces/package.xml
[2.822s] -- Installing: /home/takrop/ros2_ws/install/more_interfaces/lib/libmore_interfaces__rosidl_generator_c.so
[2.822s] -- Set runtime path of "/home/takrop/ros2_ws/install/more_interfaces/lib/libmore_interfaces__rosidl_generator_c.so" to ""
[2.822s] -- Installing: /home/takrop/ros2_ws/install/more_interfaces/lib/libmore_interfaces__rosidl_typesupport_introspection_c.so
[2.822s] -- Set runtime path of "/home/takrop/ros2_ws/install/more_interfaces/lib/libmore_interfaces__rosidl_typesupport_introspection_c.so" to ""
[2.822s] -- Installing: /home/takrop/ros2_ws/install/more_interfaces/lib/libmore_interfaces__rosidl_typesupport_c.so
[2.822s] -- Set runtime path of "/home/takrop/ros2_ws/install/more_interfaces/lib/libmore_interfaces__rosidl_typesupport_c.so" to ""
[2.822s] -- Installing: /home/takrop/ros2_ws/install/more_interfaces/lib/libmore_interfaces__rosidl_typesupport_introspection_cpp.so
[2.822s] -- Set runtime path of "/home/takrop/ros2_ws/install/more_interfaces/lib/libmore_interfaces__rosidl_typesupport_introspection_cpp.so" to ""
[2.823s] -- Installing: /home/takrop/ros2_ws/install/more_interfaces/lib/libmore_interfaces__rosidl_typesupport_cpp.so
[2.823s] -- Set runtime path of "/home/takrop/ros2_ws/install/more_interfaces/lib/libmore_interfaces__rosidl_typesupport_cpp.so" to ""
[2.852s] Compiling '/home/takrop/ros2_ws/install/more_interfaces/lib/python3.8/site-packages/more_interfaces/__init__.py'...
[2.855s] -- Installing: /home/takrop/ros2_ws/install/more_interfaces/share/more_interfaces/cmake/more_interfaces__rosidl_generator_cExport.cmake
[2.855s] -- Installing: /home/takrop/ros2_ws/install/more_interfaces/share/more_interfaces/cmake/more_interfaces__rosidl_generator_cExport-noconfig.cmake
[2.855s] -- Installing: /home/takrop/ros2_ws/install/more_interfaces/share/more_interfaces/cmake/more_interfaces__rosidl_typesupport_introspection_cExport.cmake
[2.855s] -- Installing: /home/takrop/ros2_ws/install/more_interfaces/share/more_interfaces/cmake/more_interfaces__rosidl_typesupport_introspection_cExport-noconfig.cmake
[2.855s] -- Installing: /home/takrop/ros2_ws/install/more_interfaces/share/more_interfaces/cmake/more_interfaces__rosidl_typesupport_cExport.cmake
[2.855s] -- Installing: /home/takrop/ros2_ws/install/more_interfaces/share/more_interfaces/cmake/more_interfaces__rosidl_typesupport_cExport-noconfig.cmake
[2.855s] -- Installing: /home/takrop/ros2_ws/install/more_interfaces/share/more_interfaces/cmake/more_interfaces__rosidl_generator_cppExport.cmake
[2.855s] -- Installing: /home/takrop/ros2_ws/install/more_interfaces/share/more_interfaces/cmake/more_interfaces__rosidl_typesupport_introspection_cppExport.cmake
[2.855s] -- Installing: /home/takrop/ros2_ws/install/more_interfaces/share/more_interfaces/cmake/more_interfaces__rosidl_typesupport_introspection_cppExport-noconfig.cmake
[2.855s] -- Installing: /home/takrop/ros2_ws/install/more_interfaces/share/more_interfaces/cmake/more_interfaces__rosidl_typesupport_cppExport.cmake
[2.855s] -- Installing: /home/takrop/ros2_ws/install/more_interfaces/share/more_interfaces/cmake/more_interfaces__rosidl_typesupport_cppExport-noconfig.cmake
[2.858s] Invoked command in '/home/takrop/ros2_ws/build/more_interfaces' returned '0': CMAKE_PREFIX_PATH=/home/takrop/ros2_ws/install/laser_read:/opt/ros/foxy:/home/takrop/catkin_ws/devel:/opt/ros/noetic /usr/bin/cmake --install /home/takrop/ros2_ws/build/more_interfaces
