[0.012s] Invoking command in '/home/takrop/ros2_ws/build/hls_lfcd_lds_driver': /usr/bin/cmake /home/takrop/ros2_ws/src/hls_lfcd_lds_driver -DCATKIN_INSTALL_INTO_PREFIX_ROOT=0 -DCATKIN_SYMLINK_INSTALL=ON -DCMAKE_INSTALL_PREFIX=/home/takrop/ros2_ws/install/hls_lfcd_lds_driver
[0.067s] -- The C compiler identification is GNU 9.4.0
[0.111s] -- The CXX compiler identification is GNU 9.4.0
[0.115s] -- Check for working C compiler: /usr/bin/cc
[0.158s] -- Check for working C compiler: /usr/bin/cc -- works
[0.159s] -- Detecting C compiler ABI info
[0.203s] -- Detecting C compiler ABI info - done
[0.212s] -- Detecting C compile features
[0.212s] -- Detecting C compile features - done
[0.215s] -- Check for working CXX compiler: /usr/bin/c++
[0.263s] -- Check for working CXX compiler: /usr/bin/c++ -- works
[0.264s] -- Detecting CXX compiler ABI info
[0.315s] -- Detecting CXX compiler ABI info - done
[0.325s] -- Detecting CXX compile features
[0.325s] -- Detecting CXX compile features - done
[0.327s] -- Using CATKIN_DEVEL_PREFIX: /home/takrop/ros2_ws/build/hls_lfcd_lds_driver/devel
[0.327s] -- Using CMAKE_PREFIX_PATH: /home/takrop/catkin_ws/devel;/opt/ros/noetic
[0.327s] -- This workspace overlays: /home/takrop/catkin_ws/devel;/opt/ros/noetic
[0.329s] -- Override CMake install command with custom implementation using symlinks instead of copying resources
[0.345s] -- Found PythonInterp: /usr/bin/python3 (found suitable version "3.8.10", minimum required is "3") 
[0.345s] -- Using PYTHON_EXECUTABLE: /usr/bin/python3
[0.345s] -- Using Debian Python package layout
[0.368s] -- Found PY_em: /usr/lib/python3/dist-packages/em.py  
[0.368s] -- Using empy: /usr/lib/python3/dist-packages/em.py
[0.452s] -- Using CATKIN_ENABLE_TESTING: ON
[0.452s] -- Call enable_testing()
[0.455s] -- Using CATKIN_TEST_RESULTS_DIR: /home/takrop/ros2_ws/build/hls_lfcd_lds_driver/test_results
[0.665s] -- Forcing gtest/gmock from source, though one was otherwise available.
[0.665s] -- Found gtest sources under '/usr/src/googletest': gtests will be built
[0.665s] -- Found gmock sources under '/usr/src/googletest': gmock will be built
[0.683s] -- Found PythonInterp: /usr/bin/python3 (found version "3.8.10") 
[0.685s] -- Found Threads: TRUE  
[0.688s] -- Using Python nosetests: /usr/bin/nosetests3
[0.728s] -- catkin 0.8.10
[0.728s] -- BUILD_SHARED_LIBS is on
[0.900s] Traceback (most recent call last):
[0.900s]   File "/home/takrop/ros2_ws/build/hls_lfcd_lds_driver/catkin_generated/generate_cached_setup.py", line 22, in <module>
[0.900s]     code = generate_environment_script('/home/takrop/ros2_ws/build/hls_lfcd_lds_driver/devel/env.sh')
[0.900s]   File "/opt/ros/noetic/lib/python3/dist-packages/catkin/environment_cache.py", line 63, in generate_environment_script
[0.900s]     env_after = ast.literal_eval(output.decode('utf8'))
[0.900s]   File "/usr/lib/python3.8/ast.py", line 59, in literal_eval
[0.900s]     node_or_string = parse(node_or_string, mode='eval')
[0.900s]   File "/usr/lib/python3.8/ast.py", line 47, in parse
[0.900s]     return compile(source, filename, mode, flags,
[0.900s]   File "<unknown>", line 1
[0.901s]     ROS_DISTRO was set to 'foxy' before. Please make sure that the environment does not mix paths from different distributions.
[0.901s]                ^
[0.901s] SyntaxError: invalid syntax
[0.912s] CMake Error at /opt/ros/noetic/share/catkin/cmake/safe_execute_process.cmake:11 (message):
[0.913s]   execute_process(/usr/bin/python3
[0.913s]   "/home/takrop/ros2_ws/build/hls_lfcd_lds_driver/catkin_generated/generate_cached_setup.py")
[0.913s]   returned error code 1
[0.913s] Call Stack (most recent call first):
[0.913s]   /opt/ros/noetic/share/catkin/cmake/all.cmake:208 (safe_execute_process)
[0.913s]   /opt/ros/noetic/share/catkin/cmake/catkinConfig.cmake:20 (include)
[0.913s]   CMakeLists.txt:10 (find_package)
[0.913s] 
[0.913s] 
[0.914s] -- Configuring incomplete, errors occurred!
[0.914s] See also "/home/takrop/ros2_ws/build/hls_lfcd_lds_driver/CMakeFiles/CMakeOutput.log".
[0.914s] See also "/home/takrop/ros2_ws/build/hls_lfcd_lds_driver/CMakeFiles/CMakeError.log".
[0.918s] Invoked command in '/home/takrop/ros2_ws/build/hls_lfcd_lds_driver' returned '1': /usr/bin/cmake /home/takrop/ros2_ws/src/hls_lfcd_lds_driver -DCATKIN_INSTALL_INTO_PREFIX_ROOT=0 -DCATKIN_SYMLINK_INSTALL=ON -DCMAKE_INSTALL_PREFIX=/home/takrop/ros2_ws/install/hls_lfcd_lds_driver
