[35m[1mScanning dependencies of target lidar_subscriber[0m
[ 50%] [32mBuilding CXX object CMakeFiles/lidar_subscriber.dir/src/lidar_subscriber.cpp.o[0m
[01m[K/home/takrop/ros2_ws/src/laser_read/src/lidar_subscriber.cpp:[m[K In constructor ‘[01m[Klaser_read::laser_read()[m[K’:
[01m[K/home/takrop/ros2_ws/src/laser_read/src/lidar_subscriber.cpp:13:11:[m[K [01;35m[Kwarning: [m[Kunused variable ‘[01m[Knum1[m[K’ [[01;35m[K-Wunused-variable[m[K]
   13 |       int [01;35m[Knum1[m[K, num2;
      |           [01;35m[K^~~~[m[K
[01m[K/home/takrop/ros2_ws/src/laser_read/src/lidar_subscriber.cpp:13:17:[m[K [01;35m[Kwarning: [m[Kunused variable ‘[01m[Knum2[m[K’ [[01;35m[K-Wunused-variable[m[K]
   13 |       int num1, [01;35m[Knum2[m[K;
      |                 [01;35m[K^~~~[m[K
[100%] [32m[1mLinking CXX executable lidar_subscriber[0m
[100%] Built target lidar_subscriber
-- Install configuration: ""
-- Execute custom install script
-- Up-to-date symlink: /home/takrop/ros2_ws/install/laser_read/lib/laser_read/lidar_subscriber
-- Up-to-date symlink: /home/takrop/ros2_ws/install/laser_read/share/ament_index/resource_index/package_run_dependencies/laser_read
-- Up-to-date symlink: /home/takrop/ros2_ws/install/laser_read/share/ament_index/resource_index/parent_prefix_path/laser_read
-- Up-to-date symlink: /home/takrop/ros2_ws/install/laser_read/share/laser_read/environment/ament_prefix_path.sh
-- Up-to-date symlink: /home/takrop/ros2_ws/install/laser_read/share/laser_read/environment/ament_prefix_path.dsv
-- Up-to-date symlink: /home/takrop/ros2_ws/install/laser_read/share/laser_read/environment/path.sh
-- Up-to-date symlink: /home/takrop/ros2_ws/install/laser_read/share/laser_read/environment/path.dsv
-- Up-to-date symlink: /home/takrop/ros2_ws/install/laser_read/share/laser_read/local_setup.bash
-- Up-to-date symlink: /home/takrop/ros2_ws/install/laser_read/share/laser_read/local_setup.sh
-- Up-to-date symlink: /home/takrop/ros2_ws/install/laser_read/share/laser_read/local_setup.zsh
-- Up-to-date symlink: /home/takrop/ros2_ws/install/laser_read/share/laser_read/local_setup.dsv
-- Symlinking: /home/takrop/ros2_ws/install/laser_read/share/laser_read/package.dsv
-- Up-to-date symlink: /home/takrop/ros2_ws/install/laser_read/share/ament_index/resource_index/packages/laser_read
-- Up-to-date symlink: /home/takrop/ros2_ws/install/laser_read/share/laser_read/cmake/laser_readConfig.cmake
-- Up-to-date symlink: /home/takrop/ros2_ws/install/laser_read/share/laser_read/cmake/laser_readConfig-version.cmake
-- Up-to-date symlink: /home/takrop/ros2_ws/install/laser_read/share/laser_read/package.xml
