[0.008s] Invoking command in '/home/takrop/ros2_ws/build/laser_read': CMAKE_PREFIX_PATH=/home/takrop/ros2_ws/install/laser_read:/opt/ros/foxy:/home/takrop/catkin_ws/devel:/opt/ros/noetic /usr/bin/cmake --build /home/takrop/ros2_ws/build/laser_read -- -j12 -l12
[0.038s] [35m[1mScanning dependencies of target lidar_subscriber[0m
[0.055s] [ 50%] [32mBuilding CXX object CMakeFiles/lidar_subscriber.dir/src/lidar_subscriber.cpp.o[0m
[2.916s] [100%] [32m[1mLinking CXX executable lidar_subscriber[0m
[3.061s] [100%] Built target lidar_subscriber
[3.072s] Invoked command in '/home/takrop/ros2_ws/build/laser_read' returned '0': CMAKE_PREFIX_PATH=/home/takrop/ros2_ws/install/laser_read:/opt/ros/foxy:/home/takrop/catkin_ws/devel:/opt/ros/noetic /usr/bin/cmake --build /home/takrop/ros2_ws/build/laser_read -- -j12 -l12
[3.093s] Invoking command in '/home/takrop/ros2_ws/build/laser_read': CMAKE_PREFIX_PATH=/home/takrop/ros2_ws/install/laser_read:/opt/ros/foxy:/home/takrop/catkin_ws/devel:/opt/ros/noetic /usr/bin/cmake --install /home/takrop/ros2_ws/build/laser_read
[3.098s] -- Install configuration: ""
[3.099s] -- Execute custom install script
[3.099s] -- Up-to-date symlink: /home/takrop/ros2_ws/install/laser_read/share/ament_index/resource_index/package_run_dependencies/laser_read
[3.099s] -- Up-to-date symlink: /home/takrop/ros2_ws/install/laser_read/share/ament_index/resource_index/parent_prefix_path/laser_read
[3.099s] -- Up-to-date symlink: /home/takrop/ros2_ws/install/laser_read/share/laser_read/environment/ament_prefix_path.sh
[3.099s] -- Up-to-date symlink: /home/takrop/ros2_ws/install/laser_read/share/laser_read/environment/ament_prefix_path.dsv
[3.099s] -- Up-to-date symlink: /home/takrop/ros2_ws/install/laser_read/share/laser_read/environment/path.sh
[3.099s] -- Up-to-date symlink: /home/takrop/ros2_ws/install/laser_read/share/laser_read/environment/path.dsv
[3.100s] -- Up-to-date symlink: /home/takrop/ros2_ws/install/laser_read/share/laser_read/local_setup.bash
[3.100s] -- Up-to-date symlink: /home/takrop/ros2_ws/install/laser_read/share/laser_read/local_setup.sh
[3.100s] -- Up-to-date symlink: /home/takrop/ros2_ws/install/laser_read/share/laser_read/local_setup.zsh
[3.100s] -- Up-to-date symlink: /home/takrop/ros2_ws/install/laser_read/share/laser_read/local_setup.dsv
[3.100s] -- Symlinking: /home/takrop/ros2_ws/install/laser_read/share/laser_read/package.dsv
[3.106s] -- Up-to-date symlink: /home/takrop/ros2_ws/install/laser_read/share/ament_index/resource_index/packages/laser_read
[3.106s] -- Up-to-date symlink: /home/takrop/ros2_ws/install/laser_read/share/laser_read/cmake/laser_readConfig.cmake
[3.106s] -- Up-to-date symlink: /home/takrop/ros2_ws/install/laser_read/share/laser_read/cmake/laser_readConfig-version.cmake
[3.106s] -- Up-to-date symlink: /home/takrop/ros2_ws/install/laser_read/share/laser_read/package.xml
[3.108s] Invoked command in '/home/takrop/ros2_ws/build/laser_read' returned '0': CMAKE_PREFIX_PATH=/home/takrop/ros2_ws/install/laser_read:/opt/ros/foxy:/home/takrop/catkin_ws/devel:/opt/ros/noetic /usr/bin/cmake --install /home/takrop/ros2_ws/build/laser_read
