[0.009s] Invoking command in '/home/takrop/ros2_ws/build/laser_read': CMAKE_PREFIX_PATH=/home/takrop/ros2_ws/install/more_interfaces:/home/takrop/ros2_ws/install/laser_read:/opt/ros/foxy:/home/takrop/catkin_ws/devel:/opt/ros/noetic /usr/bin/cmake --build /home/takrop/ros2_ws/build/laser_read -- -j12 -l12
[0.026s] -- Found ament_cmake: 0.9.12 (/opt/ros/foxy/share/ament_cmake/cmake)
[0.042s] -- Using PYTHON_EXECUTABLE: /usr/bin/python3
[0.159s] -- Override CMake install command with custom implementation using symlinks instead of copying resources
[0.163s] -- Found rclcpp: 2.4.3 (/opt/ros/foxy/share/rclcpp/cmake)
[0.185s] -- Using all available rosidl_typesupport_c: rosidl_typesupport_fastrtps_c;rosidl_typesupport_introspection_c
[0.187s] -- Found rosidl_adapter: 1.3.1 (/opt/ros/foxy/share/rosidl_adapter/cmake)
[0.267s] -- Using all available rosidl_typesupport_cpp: rosidl_typesupport_fastrtps_cpp;rosidl_typesupport_introspection_cpp
[0.298s] -- Found rmw_implementation_cmake: 1.0.4 (/opt/ros/foxy/share/rmw_implementation_cmake/cmake)
[0.299s] -- Using RMW implementation 'rmw_fastrtps_cpp' as default
[0.393s] -- Found sensor_msgs: 2.0.5 (/opt/ros/foxy/share/sensor_msgs/cmake)
[0.470s] -- Found ament_lint_auto: 0.9.8 (/opt/ros/foxy/share/ament_lint_auto/cmake)
[0.513s] -- Added test 'copyright' to check source files copyright and LICENSE
[0.513s] -- Added test 'cppcheck' to perform static code analysis on C / C++ code
[0.513s] -- Configured cppcheck include dirs: 
[0.513s] -- Configured cppcheck exclude dirs and/or files: 
[0.514s] -- Added test 'cpplint' to check C / C++ code against the Google style
[0.514s] -- Configured cpplint exclude dirs and/or files: 
[0.514s] -- Added test 'lint_cmake' to check CMake code style
[0.514s] -- Added test 'uncrustify' to check C / C++ code style
[0.514s] -- Configured uncrustify additional arguments: 
[0.515s] -- Added test 'xmllint' to check XML markup files
[0.516s] -- Configuring done
[0.523s] -- Generating done
[0.524s] -- Build files have been written to: /home/takrop/ros2_ws/build/laser_read
[0.540s] [35m[1mScanning dependencies of target lidar_publisher[0m
[0.553s] [ 50%] Built target lidar_subscriber
[0.561s] [ 75%] [32mBuilding CXX object CMakeFiles/lidar_publisher.dir/src/lidar_publisher.cpp.o[0m
[1.279s] [01m[K/home/takrop/ros2_ws/src/laser_read/src/lidar_publisher.cpp:[m[K In constructor ‘[01m[KNumberPub::NumberPub(int, int)[m[K’:
[1.279s] [01m[K/home/takrop/ros2_ws/src/laser_read/src/lidar_publisher.cpp:19:12:[m[K [01;35m[Kwarning: [m[Kvariable ‘[01m[Kdefault_qos[m[K’ set but not used [[01;35m[K-Wunused-but-set-variable[m[K]
[1.279s]    19 |       auto [01;35m[Kdefault_qos[m[K = rclcpp::QoS(rclcpp::SystemDefaultsQoS());
[1.279s]       |            [01;35m[K^~~~~~~~~~~[m[K
[2.355s] [100%] [32m[1mLinking CXX executable lidar_publisher[0m
[2.457s] [100%] Built target lidar_publisher
[2.469s] Invoked command in '/home/takrop/ros2_ws/build/laser_read' returned '0': CMAKE_PREFIX_PATH=/home/takrop/ros2_ws/install/more_interfaces:/home/takrop/ros2_ws/install/laser_read:/opt/ros/foxy:/home/takrop/catkin_ws/devel:/opt/ros/noetic /usr/bin/cmake --build /home/takrop/ros2_ws/build/laser_read -- -j12 -l12
[2.510s] Invoking command in '/home/takrop/ros2_ws/build/laser_read': CMAKE_PREFIX_PATH=/home/takrop/ros2_ws/install/more_interfaces:/home/takrop/ros2_ws/install/laser_read:/opt/ros/foxy:/home/takrop/catkin_ws/devel:/opt/ros/noetic /usr/bin/cmake --install /home/takrop/ros2_ws/build/laser_read
[2.515s] -- Install configuration: ""
[2.516s] -- Execute custom install script
[2.516s] -- Up-to-date symlink: /home/takrop/ros2_ws/install/laser_read/lib/laser_read/lidar_subscriber
[2.516s] -- Up-to-date symlink: /home/takrop/ros2_ws/install/laser_read/share/ament_index/resource_index/package_run_dependencies/laser_read
[2.516s] -- Up-to-date symlink: /home/takrop/ros2_ws/install/laser_read/share/ament_index/resource_index/parent_prefix_path/laser_read
[2.516s] -- Up-to-date symlink: /home/takrop/ros2_ws/install/laser_read/share/laser_read/environment/ament_prefix_path.sh
[2.516s] -- Up-to-date symlink: /home/takrop/ros2_ws/install/laser_read/share/laser_read/environment/ament_prefix_path.dsv
[2.516s] -- Up-to-date symlink: /home/takrop/ros2_ws/install/laser_read/share/laser_read/environment/path.sh
[2.516s] -- Up-to-date symlink: /home/takrop/ros2_ws/install/laser_read/share/laser_read/environment/path.dsv
[2.517s] -- Up-to-date symlink: /home/takrop/ros2_ws/install/laser_read/share/laser_read/local_setup.bash
[2.517s] -- Up-to-date symlink: /home/takrop/ros2_ws/install/laser_read/share/laser_read/local_setup.sh
[2.517s] -- Up-to-date symlink: /home/takrop/ros2_ws/install/laser_read/share/laser_read/local_setup.zsh
[2.517s] -- Up-to-date symlink: /home/takrop/ros2_ws/install/laser_read/share/laser_read/local_setup.dsv
[2.517s] -- Symlinking: /home/takrop/ros2_ws/install/laser_read/share/laser_read/package.dsv
[2.523s] -- Up-to-date symlink: /home/takrop/ros2_ws/install/laser_read/share/ament_index/resource_index/packages/laser_read
[2.523s] -- Up-to-date symlink: /home/takrop/ros2_ws/install/laser_read/share/laser_read/cmake/laser_readConfig.cmake
[2.523s] -- Up-to-date symlink: /home/takrop/ros2_ws/install/laser_read/share/laser_read/cmake/laser_readConfig-version.cmake
[2.523s] -- Up-to-date symlink: /home/takrop/ros2_ws/install/laser_read/share/laser_read/package.xml
[2.524s] Invoked command in '/home/takrop/ros2_ws/build/laser_read' returned '0': CMAKE_PREFIX_PATH=/home/takrop/ros2_ws/install/more_interfaces:/home/takrop/ros2_ws/install/laser_read:/opt/ros/foxy:/home/takrop/catkin_ws/devel:/opt/ros/noetic /usr/bin/cmake --install /home/takrop/ros2_ws/build/laser_read
