[0.013s] Invoking command in '/home/takrop/ros2_ws/build/hls_lfcd_lds_driver': /usr/bin/cmake /home/takrop/ros2_ws/src/hls_lfcd_lds_driver -DCATKIN_INSTALL_INTO_PREFIX_ROOT=0 -DCMAKE_INSTALL_PREFIX=/home/takrop/ros2_ws/install/hls_lfcd_lds_driver
[0.023s] -- Using CATKIN_DEVEL_PREFIX: /home/takrop/ros2_ws/build/hls_lfcd_lds_driver/devel
[0.023s] -- Using CMAKE_PREFIX_PATH: /home/takrop/catkin_ws/devel;/opt/ros/noetic
[0.023s] -- This workspace overlays: /home/takrop/catkin_ws/devel;/opt/ros/noetic
[0.024s] -- Override CMake install command with custom implementation using symlinks instead of copying resources
[0.040s] -- Found PythonInterp: /usr/bin/python3 (found suitable version "3.8.10", minimum required is "3") 
[0.041s] -- Using PYTHON_EXECUTABLE: /usr/bin/python3
[0.041s] -- Using Debian Python package layout
[0.041s] -- Using empy: /usr/lib/python3/dist-packages/em.py
[0.123s] -- Using CATKIN_ENABLE_TESTING: ON
[0.123s] -- Call enable_testing()
[0.124s] -- Using CATKIN_TEST_RESULTS_DIR: /home/takrop/ros2_ws/build/hls_lfcd_lds_driver/test_results
[0.152s] -- Forcing gtest/gmock from source, though one was otherwise available.
[0.152s] -- Found gtest sources under '/usr/src/googletest': gtests will be built
[0.152s] -- Found gmock sources under '/usr/src/googletest': gmock will be built
[0.169s] -- Found PythonInterp: /usr/bin/python3 (found version "3.8.10") 
[0.174s] -- Using Python nosetests: /usr/bin/nosetests3
[0.211s] -- catkin 0.8.10
[0.211s] -- BUILD_SHARED_LIBS is on
[0.378s] Traceback (most recent call last):
[0.378s]   File "/home/takrop/ros2_ws/build/hls_lfcd_lds_driver/catkin_generated/generate_cached_setup.py", line 22, in <module>
[0.378s]     code = generate_environment_script('/home/takrop/ros2_ws/build/hls_lfcd_lds_driver/devel/env.sh')
[0.378s]   File "/opt/ros/noetic/lib/python3/dist-packages/catkin/environment_cache.py", line 63, in generate_environment_script
[0.378s]     env_after = ast.literal_eval(output.decode('utf8'))
[0.378s]   File "/usr/lib/python3.8/ast.py", line 59, in literal_eval
[0.378s]     node_or_string = parse(node_or_string, mode='eval')
[0.378s]   File "/usr/lib/python3.8/ast.py", line 47, in parse
[0.378s]     return compile(source, filename, mode, flags,
[0.379s]   File "<unknown>", line 1
[0.379s]     ROS_DISTRO was set to 'foxy' before. Please make sure that the environment does not mix paths from different distributions.
[0.379s]                ^
[0.379s] SyntaxError: invalid syntax
[0.390s] CMake Error at /opt/ros/noetic/share/catkin/cmake/safe_execute_process.cmake:11 (message):
[0.390s]   execute_process(/usr/bin/python3
[0.390s]   "/home/takrop/ros2_ws/build/hls_lfcd_lds_driver/catkin_generated/generate_cached_setup.py")
[0.391s]   returned error code 1
[0.391s] Call Stack (most recent call first):
[0.391s]   /opt/ros/noetic/share/catkin/cmake/all.cmake:208 (safe_execute_process)
[0.391s]   /opt/ros/noetic/share/catkin/cmake/catkinConfig.cmake:20 (include)
[0.391s]   CMakeLists.txt:10 (find_package)
[0.391s] 
[0.391s] 
[0.391s] -- Configuring incomplete, errors occurred!
[0.391s] See also "/home/takrop/ros2_ws/build/hls_lfcd_lds_driver/CMakeFiles/CMakeOutput.log".
[0.391s] See also "/home/takrop/ros2_ws/build/hls_lfcd_lds_driver/CMakeFiles/CMakeError.log".
[0.394s] Invoked command in '/home/takrop/ros2_ws/build/hls_lfcd_lds_driver' returned '1': /usr/bin/cmake /home/takrop/ros2_ws/src/hls_lfcd_lds_driver -DCATKIN_INSTALL_INTO_PREFIX_ROOT=0 -DCMAKE_INSTALL_PREFIX=/home/takrop/ros2_ws/install/hls_lfcd_lds_driver
