[0.013s] Invoking command in '/home/takrop/ros2_ws/build/laser_read': CMAKE_PREFIX_PATH=/home/takrop/ros2_ws/install/laser_read:/opt/ros/foxy:/home/takrop/catkin_ws/devel:/opt/ros/noetic /usr/bin/cmake --build /home/takrop/ros2_ws/build/laser_read -- -j12 -l12
[0.054s] [100%] Built target lidar_subscriber
[0.061s] Invoked command in '/home/takrop/ros2_ws/build/laser_read' returned '0': CMAKE_PREFIX_PATH=/home/takrop/ros2_ws/install/laser_read:/opt/ros/foxy:/home/takrop/catkin_ws/devel:/opt/ros/noetic /usr/bin/cmake --build /home/takrop/ros2_ws/build/laser_read -- -j12 -l12
[0.085s] Invoking command in '/home/takrop/ros2_ws/build/laser_read': CMAKE_PREFIX_PATH=/home/takrop/ros2_ws/install/laser_read:/opt/ros/foxy:/home/takrop/catkin_ws/devel:/opt/ros/noetic /usr/bin/cmake --install /home/takrop/ros2_ws/build/laser_read
[0.089s] -- Install configuration: ""
[0.089s] -- Execute custom install script
[0.090s] -- Up-to-date symlink: /home/takrop/ros2_ws/install/laser_read/lib/laser_read/lidar_subscriber
[0.090s] -- Up-to-date symlink: /home/takrop/ros2_ws/install/laser_read/share/ament_index/resource_index/package_run_dependencies/laser_read
[0.090s] -- Up-to-date symlink: /home/takrop/ros2_ws/install/laser_read/share/ament_index/resource_index/parent_prefix_path/laser_read
[0.090s] -- Up-to-date symlink: /home/takrop/ros2_ws/install/laser_read/share/laser_read/environment/ament_prefix_path.sh
[0.090s] -- Up-to-date symlink: /home/takrop/ros2_ws/install/laser_read/share/laser_read/environment/ament_prefix_path.dsv
[0.090s] -- Up-to-date symlink: /home/takrop/ros2_ws/install/laser_read/share/laser_read/environment/path.sh
[0.090s] -- Up-to-date symlink: /home/takrop/ros2_ws/install/laser_read/share/laser_read/environment/path.dsv
[0.090s] -- Up-to-date symlink: /home/takrop/ros2_ws/install/laser_read/share/laser_read/local_setup.bash
[0.090s] -- Up-to-date symlink: /home/takrop/ros2_ws/install/laser_read/share/laser_read/local_setup.sh
[0.091s] -- Up-to-date symlink: /home/takrop/ros2_ws/install/laser_read/share/laser_read/local_setup.zsh
[0.091s] -- Up-to-date symlink: /home/takrop/ros2_ws/install/laser_read/share/laser_read/local_setup.dsv
[0.091s] -- Symlinking: /home/takrop/ros2_ws/install/laser_read/share/laser_read/package.dsv
[0.097s] -- Up-to-date symlink: /home/takrop/ros2_ws/install/laser_read/share/ament_index/resource_index/packages/laser_read
[0.097s] -- Up-to-date symlink: /home/takrop/ros2_ws/install/laser_read/share/laser_read/cmake/laser_readConfig.cmake
[0.097s] -- Up-to-date symlink: /home/takrop/ros2_ws/install/laser_read/share/laser_read/cmake/laser_readConfig-version.cmake
[0.098s] -- Up-to-date symlink: /home/takrop/ros2_ws/install/laser_read/share/laser_read/package.xml
[0.100s] Invoked command in '/home/takrop/ros2_ws/build/laser_read' returned '0': CMAKE_PREFIX_PATH=/home/takrop/ros2_ws/install/laser_read:/opt/ros/foxy:/home/takrop/catkin_ws/devel:/opt/ros/noetic /usr/bin/cmake --install /home/takrop/ros2_ws/build/laser_read
