[0.008s] Invoking command in '/home/takrop/ros2_ws/build/laser_read': CMAKE_PREFIX_PATH=/home/takrop/ros2_ws/install/more_interfaces:/home/takrop/ros2_ws/install/laser_read:/opt/ros/foxy:/home/takrop/catkin_ws/devel:/opt/ros/noetic /usr/bin/cmake --build /home/takrop/ros2_ws/build/laser_read -- -j12 -l12
[0.036s] [35m[1mScanning dependencies of target lidar_subscriber[0m
[0.048s] [ 50%] Built target lidar_publisher
[0.052s] [ 75%] [32mBuilding CXX object CMakeFiles/lidar_subscriber.dir/src/lidar_subscriber.cpp.o[0m
[3.985s] [100%] [32m[1mLinking CXX executable lidar_subscriber[0m
[4.179s] [100%] Built target lidar_subscriber
[4.191s] Invoked command in '/home/takrop/ros2_ws/build/laser_read' returned '0': CMAKE_PREFIX_PATH=/home/takrop/ros2_ws/install/more_interfaces:/home/takrop/ros2_ws/install/laser_read:/opt/ros/foxy:/home/takrop/catkin_ws/devel:/opt/ros/noetic /usr/bin/cmake --build /home/takrop/ros2_ws/build/laser_read -- -j12 -l12
[4.218s] Invoking command in '/home/takrop/ros2_ws/build/laser_read': CMAKE_PREFIX_PATH=/home/takrop/ros2_ws/install/more_interfaces:/home/takrop/ros2_ws/install/laser_read:/opt/ros/foxy:/home/takrop/catkin_ws/devel:/opt/ros/noetic /usr/bin/cmake --install /home/takrop/ros2_ws/build/laser_read
[4.225s] -- Install configuration: ""
[4.225s] -- Execute custom install script
[4.226s] -- Up-to-date symlink: /home/takrop/ros2_ws/install/laser_read/lib/laser_read/lidar_subscriber
[4.226s] -- Up-to-date symlink: /home/takrop/ros2_ws/install/laser_read/lib/laser_read/lidar_publisher
[4.226s] -- Up-to-date symlink: /home/takrop/ros2_ws/install/laser_read/share/ament_index/resource_index/package_run_dependencies/laser_read
[4.226s] -- Up-to-date symlink: /home/takrop/ros2_ws/install/laser_read/share/ament_index/resource_index/parent_prefix_path/laser_read
[4.226s] -- Up-to-date symlink: /home/takrop/ros2_ws/install/laser_read/share/laser_read/environment/ament_prefix_path.sh
[4.226s] -- Up-to-date symlink: /home/takrop/ros2_ws/install/laser_read/share/laser_read/environment/ament_prefix_path.dsv
[4.226s] -- Up-to-date symlink: /home/takrop/ros2_ws/install/laser_read/share/laser_read/environment/path.sh
[4.227s] -- Up-to-date symlink: /home/takrop/ros2_ws/install/laser_read/share/laser_read/environment/path.dsv
[4.227s] -- Up-to-date symlink: /home/takrop/ros2_ws/install/laser_read/share/laser_read/local_setup.bash
[4.227s] -- Up-to-date symlink: /home/takrop/ros2_ws/install/laser_read/share/laser_read/local_setup.sh
[4.227s] -- Up-to-date symlink: /home/takrop/ros2_ws/install/laser_read/share/laser_read/local_setup.zsh
[4.227s] -- Up-to-date symlink: /home/takrop/ros2_ws/install/laser_read/share/laser_read/local_setup.dsv
[4.227s] -- Symlinking: /home/takrop/ros2_ws/install/laser_read/share/laser_read/package.dsv
[4.233s] -- Up-to-date symlink: /home/takrop/ros2_ws/install/laser_read/share/ament_index/resource_index/packages/laser_read
[4.233s] -- Up-to-date symlink: /home/takrop/ros2_ws/install/laser_read/share/laser_read/cmake/laser_readConfig.cmake
[4.233s] -- Up-to-date symlink: /home/takrop/ros2_ws/install/laser_read/share/laser_read/cmake/laser_readConfig-version.cmake
[4.233s] -- Up-to-date symlink: /home/takrop/ros2_ws/install/laser_read/share/laser_read/package.xml
[4.235s] Invoked command in '/home/takrop/ros2_ws/build/laser_read' returned '0': CMAKE_PREFIX_PATH=/home/takrop/ros2_ws/install/more_interfaces:/home/takrop/ros2_ws/install/laser_read:/opt/ros/foxy:/home/takrop/catkin_ws/devel:/opt/ros/noetic /usr/bin/cmake --install /home/takrop/ros2_ws/build/laser_read
